<?xml version="1.0" encoding="UTF-8"?>
<!-- Generated by org.testng.reporters.JUnitXMLReporter -->
<testsuite ignored="1" hostname="DESKTOP-QPSSDP5" failures="1" tests="5" name="Test" time="0.123" errors="0" timestamp="2023-03-06T19:36:29 IST">
  <testcase classname="maven_pack.maven01.Testng" name="test2" time="0.008"/>
  <testcase classname="maven_pack.maven01.Testng" name="test2" time="0.002"/>
  <testcase classname="maven_pack.maven01.Testng" name="test2" time="0.002"/>
  <testcase classname="maven_pack.maven01.Testng" name="test3" time="0.002"/>
  <testcase classname="maven_pack.maven01.Testng" name="test21" time="0.007">
    <failure type="java.lang.ArithmeticException" message="/ by zero">
      <![CDATA[java.lang.ArithmeticException: / by zero
at maven_pack.maven01.Testng.test21(Testng.java:42)
at java.base/java.util.ArrayList.forEach(ArrayList.java:1511)
... Removed 27 stack frames]]>
    </failure>
  </testcase> <!-- test21 -->
  <testcase classname="maven_pack.maven01.Testng" name="test4" time="0.0">
    <ignored/>
  </testcase> <!-- test4 -->
</testsuite> <!-- Test -->
